

Started GET "/assets/rails.png" for 192.168.1.241 at 2012-08-01 00:48:15 -0500
Connecting to database specified by database.yml
Served asset /rails.png - 200 OK (50ms)
Connecting to database specified by database.yml
Connecting to database specified by database.yml
Connecting to database specified by database.yml
Connecting to database specified by database.yml
Connecting to database specified by database.yml


Started GET "/assets/rails.png" for 192.168.1.241 at 2012-08-05 12:52:11 -0500
Connecting to database specified by database.yml
Served asset /rails.png - 200 OK (19ms)


Started GET "/public/index.html" for 192.168.1.241 at 2012-08-05 12:52:25 -0500

ActionController::RoutingError (No route matches [GET] "/public/index.html"):
  actionpack (3.2.7) lib/action_dispatch/middleware/debug_exceptions.rb:21:in `call'
  actionpack (3.2.7) lib/action_dispatch/middleware/show_exceptions.rb:56:in `call'
  railties (3.2.7) lib/rails/rack/logger.rb:26:in `call_app'
  railties (3.2.7) lib/rails/rack/logger.rb:16:in `call'
  actionpack (3.2.7) lib/action_dispatch/middleware/request_id.rb:22:in `call'
  rack (1.4.1) lib/rack/methodoverride.rb:21:in `call'
  rack (1.4.1) lib/rack/runtime.rb:17:in `call'
  activesupport (3.2.7) lib/active_support/cache/strategy/local_cache.rb:72:in `call'
  rack (1.4.1) lib/rack/lock.rb:15:in `call'
  actionpack (3.2.7) lib/action_dispatch/middleware/static.rb:62:in `call'
  railties (3.2.7) lib/rails/engine.rb:479:in `call'
  railties (3.2.7) lib/rails/application.rb:220:in `call'
  rack (1.4.1) lib/rack/content_length.rb:14:in `call'
  railties (3.2.7) lib/rails/rack/log_tailer.rb:17:in `call'
  rack (1.4.1) lib/rack/handler/webrick.rb:59:in `service'
  /usr/local/lib/ruby/1.9.1/webrick/httpserver.rb:138:in `service'
  /usr/local/lib/ruby/1.9.1/webrick/httpserver.rb:94:in `run'
  /usr/local/lib/ruby/1.9.1/webrick/server.rb:191:in `block in start_thread'


  Rendered /usr/local/lib/ruby/gems/1.9.1/gems/actionpack-3.2.7/lib/action_dispatch/middleware/templates/rescues/routing_error.erb within rescues/layout (1.9ms)


Started GET "/song/" for 192.168.1.241 at 2012-08-05 12:52:44 -0500

ActionController::RoutingError (No route matches [GET] "/song"):
  actionpack (3.2.7) lib/action_dispatch/middleware/debug_exceptions.rb:21:in `call'
  actionpack (3.2.7) lib/action_dispatch/middleware/show_exceptions.rb:56:in `call'
  railties (3.2.7) lib/rails/rack/logger.rb:26:in `call_app'
  railties (3.2.7) lib/rails/rack/logger.rb:16:in `call'
  actionpack (3.2.7) lib/action_dispatch/middleware/request_id.rb:22:in `call'
  rack (1.4.1) lib/rack/methodoverride.rb:21:in `call'
  rack (1.4.1) lib/rack/runtime.rb:17:in `call'
  activesupport (3.2.7) lib/active_support/cache/strategy/local_cache.rb:72:in `call'
  rack (1.4.1) lib/rack/lock.rb:15:in `call'
  actionpack (3.2.7) lib/action_dispatch/middleware/static.rb:62:in `call'
  railties (3.2.7) lib/rails/engine.rb:479:in `call'
  railties (3.2.7) lib/rails/application.rb:220:in `call'
  rack (1.4.1) lib/rack/content_length.rb:14:in `call'
  railties (3.2.7) lib/rails/rack/log_tailer.rb:17:in `call'
  rack (1.4.1) lib/rack/handler/webrick.rb:59:in `service'
  /usr/local/lib/ruby/1.9.1/webrick/httpserver.rb:138:in `service'
  /usr/local/lib/ruby/1.9.1/webrick/httpserver.rb:94:in `run'
  /usr/local/lib/ruby/1.9.1/webrick/server.rb:191:in `block in start_thread'


  Rendered /usr/local/lib/ruby/gems/1.9.1/gems/actionpack-3.2.7/lib/action_dispatch/middleware/templates/rescues/routing_error.erb within rescues/layout (1.0ms)
Connecting to database specified by database.yml
  [1m[36m (151.8ms)[0m  [1mCREATE TABLE `schema_migrations` (`version` varchar(255) NOT NULL) ENGINE=InnoDB[0m
  [1m[35m (7.3ms)[0m  CREATE UNIQUE INDEX `unique_schema_migrations` ON `schema_migrations` (`version`)
  [1m[36m (4.4ms)[0m  [1mSELECT `schema_migrations`.`version` FROM `schema_migrations` [0m
Migrating to CreateSongs (20120805171836)
  [1m[35m (4.3ms)[0m  CREATE TABLE `songs` (`id` int(11) DEFAULT NULL auto_increment PRIMARY KEY, `title` varchar(255), `artist` varchar(255), `year` varchar(255), `genre` varchar(255), `created_at` datetime NOT NULL, `updated_at` datetime NOT NULL) ENGINE=InnoDB
  [1m[36m (1.0ms)[0m  [1mINSERT INTO `schema_migrations` (`version`) VALUES ('20120805171836')[0m
  [1m[35m (0.4ms)[0m  SELECT `schema_migrations`.`version` FROM `schema_migrations` 
Connecting to database specified by database.yml
  [1m[36m (37.3ms)[0m  [1mCREATE TABLE `schema_migrations` (`version` varchar(255) NOT NULL) ENGINE=InnoDB[0m
  [1m[35m (27.9ms)[0m  CREATE UNIQUE INDEX `unique_schema_migrations` ON `schema_migrations` (`version`)
  [1m[36m (1.0ms)[0m  [1mSELECT `schema_migrations`.`version` FROM `schema_migrations` [0m
Migrating to CreateSongs (20120805171836)
  [1m[35m (22.4ms)[0m  CREATE TABLE `songs` (`id` int(11) DEFAULT NULL auto_increment PRIMARY KEY, `title` varchar(255), `artist` varchar(255), `year` varchar(255), `genre` varchar(255), `created_at` datetime NOT NULL, `updated_at` datetime NOT NULL) ENGINE=InnoDB
  [1m[36m (0.6ms)[0m  [1mINSERT INTO `schema_migrations` (`version`) VALUES ('20120805171836')[0m
  [1m[35m (0.3ms)[0m  SELECT `schema_migrations`.`version` FROM `schema_migrations` 


Started GET "/assets/rails.png" for 192.168.1.241 at 2012-08-05 13:13:25 -0500
Connecting to database specified by database.yml
Served asset /rails.png - 304 Not Modified (1ms)


Started GET "/rails/info/properties" for 192.168.1.241 at 2012-08-05 13:13:30 -0500
  [1m[36m (1.8ms)[0m  [1mSELECT `schema_migrations`.`version` FROM `schema_migrations` [0m
Processing by Rails::InfoController#properties as */*
  Rendered inline template (14.4ms)
Completed 200 OK in 19ms (Views: 19.4ms | ActiveRecord: 0.0ms)


Started GET "/songs" for 192.168.1.241 at 2012-08-05 13:18:33 -0500

ActionController::RoutingError (undefined method `validates_presense_of' for #<Class:0x007f372060ed30>):
  app/models/song.rb:3:in `<class:Song>'
  app/models/song.rb:1:in `<top (required)>'
  app/controllers/songs_controller.rb:1:in `<top (required)>'


  Rendered /usr/local/lib/ruby/gems/1.9.1/gems/actionpack-3.2.7/lib/action_dispatch/middleware/templates/rescues/routing_error.erb within rescues/layout (0.4ms)


Started GET "/song/" for 192.168.1.241 at 2012-08-05 13:21:11 -0500

ActionController::RoutingError (No route matches [GET] "/song"):
  actionpack (3.2.7) lib/action_dispatch/middleware/debug_exceptions.rb:21:in `call'
  actionpack (3.2.7) lib/action_dispatch/middleware/show_exceptions.rb:56:in `call'
  railties (3.2.7) lib/rails/rack/logger.rb:26:in `call_app'
  railties (3.2.7) lib/rails/rack/logger.rb:16:in `call'
  actionpack (3.2.7) lib/action_dispatch/middleware/request_id.rb:22:in `call'
  rack (1.4.1) lib/rack/methodoverride.rb:21:in `call'
  rack (1.4.1) lib/rack/runtime.rb:17:in `call'
  activesupport (3.2.7) lib/active_support/cache/strategy/local_cache.rb:72:in `call'
  rack (1.4.1) lib/rack/lock.rb:15:in `call'
  actionpack (3.2.7) lib/action_dispatch/middleware/static.rb:62:in `call'
  railties (3.2.7) lib/rails/engine.rb:479:in `call'
  railties (3.2.7) lib/rails/application.rb:220:in `call'
  rack (1.4.1) lib/rack/content_length.rb:14:in `call'
  railties (3.2.7) lib/rails/rack/log_tailer.rb:17:in `call'
  rack (1.4.1) lib/rack/handler/webrick.rb:59:in `service'
  /usr/local/lib/ruby/1.9.1/webrick/httpserver.rb:138:in `service'
  /usr/local/lib/ruby/1.9.1/webrick/httpserver.rb:94:in `run'
  /usr/local/lib/ruby/1.9.1/webrick/server.rb:191:in `block in start_thread'


  Rendered /usr/local/lib/ruby/gems/1.9.1/gems/actionpack-3.2.7/lib/action_dispatch/middleware/templates/rescues/routing_error.erb within rescues/layout (0.4ms)


Started GET "/songs" for 192.168.1.241 at 2012-08-05 13:21:40 -0500
Processing by SongsController#index as HTML
  [1m[35mSong Load (0.4ms)[0m  SELECT `songs`.* FROM `songs` 
  Rendered songs/index.html.erb within layouts/application (0.4ms)
Compiled scaffolds.css  (81ms)  (pid 15252)
Compiled songs.css  (1ms)  (pid 15252)
Compiled application.css  (92ms)  (pid 15252)
Compiled jquery.js  (2ms)  (pid 15252)
Compiled jquery_ujs.js  (0ms)  (pid 15252)
Compiled songs.js  (133ms)  (pid 15252)
Compiled application.js  (240ms)  (pid 15252)
Completed 200 OK in 405ms (Views: 402.0ms | ActiveRecord: 2.0ms)


Started GET "/assets/application.css?body=1" for 192.168.1.241 at 2012-08-05 13:21:41 -0500
Served asset /application.css - 200 OK (1ms)


Started GET "/assets/scaffolds.css?body=1" for 192.168.1.241 at 2012-08-05 13:21:41 -0500
Served asset /scaffolds.css - 200 OK (2ms)


Started GET "/assets/songs.css?body=1" for 192.168.1.241 at 2012-08-05 13:21:41 -0500
Served asset /songs.css - 200 OK (1ms)


Started GET "/assets/jquery.js?body=1" for 192.168.1.241 at 2012-08-05 13:21:41 -0500
Served asset /jquery.js - 200 OK (5ms)


Started GET "/assets/songs.js?body=1" for 192.168.1.241 at 2012-08-05 13:21:41 -0500
Served asset /songs.js - 200 OK (1ms)


Started GET "/assets/jquery_ujs.js?body=1" for 192.168.1.241 at 2012-08-05 13:21:41 -0500
Served asset /jquery_ujs.js - 200 OK (2ms)


Started GET "/assets/application.js?body=1" for 192.168.1.241 at 2012-08-05 13:21:41 -0500
Served asset /application.js - 200 OK (7ms)


Started GET "/songs/new" for 192.168.1.241 at 2012-08-05 13:21:47 -0500
Processing by SongsController#new as HTML
  Rendered songs/_form.html.erb (43.2ms)
  Rendered songs/new.html.erb within layouts/application (60.9ms)
Completed 200 OK in 71ms (Views: 65.9ms | ActiveRecord: 0.0ms)


Started POST "/songs" for 192.168.1.241 at 2012-08-05 13:35:55 -0500
Processing by SongsController#create as HTML
  Parameters: {"utf8"=>"✓", "authenticity_token"=>"3kt9oCKNJaGh67l+K3VXFSbMSalaBi33OvaPHQKKcMU=", "song"=>{"id"=>"1", "title"=>"One Of A Kind", "artist"=>"Placebo", "year"=>"2006", "genre"=>"Alternative"}, "commit"=>"Create Song"}
  [1m[36mSQL (0.3ms)[0m  [1mBEGIN[0m
  [1m[35mSQL (85.4ms)[0m  INSERT INTO `songs` (`artist`, `created_at`, `genre`, `id`, `title`, `updated_at`, `year`) VALUES (?, ?, ?, ?, ?, ?, ?)  [["artist", "Placebo"], ["created_at", Sun, 05 Aug 2012 18:35:55 UTC +00:00], ["genre", "Alternative"], ["id", 1], ["title", "One Of A Kind"], ["updated_at", Sun, 05 Aug 2012 18:35:55 UTC +00:00], ["year", "2006"]]
  [1m[36m (44.4ms)[0m  [1mCOMMIT[0m
Redirected to http://web.slowplanet.net:3000/songs/1
Completed 302 Found in 133ms (ActiveRecord: 130.1ms)


Started GET "/songs/1" for 192.168.1.241 at 2012-08-05 13:35:56 -0500
Processing by SongsController#show as HTML
  Parameters: {"id"=>"1"}
  [1m[35mSong Load (0.8ms)[0m  SELECT `songs`.* FROM `songs` WHERE `songs`.`id` = ? LIMIT 1  [["id", "1"]]
  Rendered songs/show.html.erb within layouts/application (0.7ms)
Completed 200 OK in 27ms (Views: 25.7ms | ActiveRecord: 0.8ms)


Started GET "/assets/scaffolds.css?body=1" for 192.168.1.241 at 2012-08-05 13:35:56 -0500
Served asset /scaffolds.css - 304 Not Modified (0ms)


Started GET "/assets/songs.css?body=1" for 192.168.1.241 at 2012-08-05 13:35:56 -0500
Served asset /songs.css - 304 Not Modified (0ms)


Started GET "/assets/songs.js?body=1" for 192.168.1.241 at 2012-08-05 13:35:56 -0500
Served asset /songs.js - 304 Not Modified (0ms)


Started GET "/songs" for 192.168.1.241 at 2012-08-05 13:36:21 -0500
Processing by SongsController#index as HTML
  [1m[36mSong Load (0.5ms)[0m  [1mSELECT `songs`.* FROM `songs` [0m
  Rendered songs/index.html.erb within layouts/application (20.9ms)
Completed 200 OK in 28ms (Views: 26.6ms | ActiveRecord: 0.5ms)


Started GET "/assets/scaffolds.css?body=1" for 192.168.1.241 at 2012-08-05 13:36:21 -0500
Served asset /scaffolds.css - 304 Not Modified (0ms)


Started GET "/assets/songs.js?body=1" for 192.168.1.241 at 2012-08-05 13:36:21 -0500
Served asset /songs.js - 304 Not Modified (0ms)


Started GET "/assets/songs.css?body=1" for 192.168.1.241 at 2012-08-05 13:36:21 -0500
Served asset /songs.css - 304 Not Modified (0ms)
Connecting to database specified by database.yml
Connecting to database specified by database.yml
  [1m[36m (1.2ms)[0m  [1mSELECT `schema_migrations`.`version` FROM `schema_migrations` [0m
Migrating to CreateSongs (20120805171836)
Migrating to AddPathToSongs (20120805185935)
  [1m[35m (48.3ms)[0m  ALTER TABLE `songs` ADD `path` varchar(255)
  [1m[36m (1.2ms)[0m  [1mINSERT INTO `schema_migrations` (`version`) VALUES ('20120805185935')[0m
  [1m[35m (0.3ms)[0m  SELECT `schema_migrations`.`version` FROM `schema_migrations` 


Started GET "/assets/rails.png" for 192.168.1.169 at 2012-08-10 19:00:53 -0500
Connecting to database specified by database.yml
Served asset /rails.png - 200 OK (1ms)
Connecting to database specified by database.yml
  [1m[36m (1.2ms)[0m  [1mSELECT `schema_migrations`.`version` FROM `schema_migrations` [0m
Migrating to CreateSongs (20120805171836)
Migrating to AddPathToSongs (20120805185935)
  [1m[35m (0.3ms)[0m  SELECT `schema_migrations`.`version` FROM `schema_migrations` 
Connecting to database specified by database.yml
  [1m[36m (2.3ms)[0m  [1mSELECT `schema_migrations`.`version` FROM `schema_migrations` [0m
Migrating to CreateSongs (20120805171836)
Migrating to AddPathToSongs (20120805185935)
  [1m[35m (0.3ms)[0m  SELECT `schema_migrations`.`version` FROM `schema_migrations` 


Started GET "/assets/rails.png" for 192.168.1.169 at 2012-08-10 19:37:27 -0500
Connecting to database specified by database.yml
Served asset /rails.png - 304 Not Modified (1ms)


Started GET "/songs" for 192.168.1.169 at 2012-08-10 19:38:23 -0500
Processing by SongsController#index as HTML
  [1m[36mSong Load (1.0ms)[0m  [1mSELECT `songs`.* FROM `songs` [0m
  Rendered songs/index.html.erb within layouts/application (2.8ms)
Completed 200 OK in 521ms (Views: 471.1ms | ActiveRecord: 2.9ms)


Started GET "/assets/application.css?body=1" for 192.168.1.169 at 2012-08-10 19:38:24 -0500
Served asset /application.css - 200 OK (3ms)


Started GET "/assets/scaffolds.css?body=1" for 192.168.1.169 at 2012-08-10 19:38:24 -0500
Served asset /scaffolds.css - 200 OK (0ms)


Started GET "/assets/songs.css?body=1" for 192.168.1.169 at 2012-08-10 19:38:24 -0500
Served asset /songs.css - 200 OK (1ms)


Started GET "/assets/jquery.js?body=1" for 192.168.1.169 at 2012-08-10 19:38:24 -0500
Served asset /jquery.js - 200 OK (19ms)


Started GET "/assets/songs.js?body=1" for 192.168.1.169 at 2012-08-10 19:38:24 -0500
Served asset /songs.js - 200 OK (0ms)


Started GET "/assets/application.js?body=1" for 192.168.1.169 at 2012-08-10 19:38:24 -0500
Served asset /application.js - 200 OK (3ms)


Started GET "/assets/jquery_ujs.js?body=1" for 192.168.1.169 at 2012-08-10 19:38:24 -0500
Served asset /jquery_ujs.js - 200 OK (1ms)


Started GET "/songs/1/edit" for 192.168.1.169 at 2012-08-10 19:41:53 -0500
Processing by SongsController#edit as HTML
  Parameters: {"id"=>"1"}
  [1m[35mSong Load (18.1ms)[0m  SELECT `songs`.* FROM `songs` WHERE `songs`.`id` = ? LIMIT 1  [["id", "1"]]
  Rendered songs/_form.html.erb (6.4ms)
  Rendered songs/edit.html.erb within layouts/application (9.8ms)
Completed 200 OK in 34ms (Views: 14.4ms | ActiveRecord: 18.1ms)


Started GET "/songs" for 192.168.1.169 at 2012-08-10 19:42:00 -0500
Processing by SongsController#index as HTML
  [1m[36mSong Load (0.5ms)[0m  [1mSELECT `songs`.* FROM `songs` [0m
  Rendered songs/index.html.erb within layouts/application (0.8ms)
Completed 200 OK in 6ms (Views: 4.9ms | ActiveRecord: 0.5ms)
